run_log.py-53-2021-08-17 16:00:56,793-INFO-执行项目管理测试用例
run_log.py-53-2021-08-17 16:00:56,795-INFO-测试创建专家模型项目
run_log.py-53-2021-08-17 16:00:56,795-INFO-----------------------------创建项目----------------------------
run_log.py-53-2021-08-17 16:00:57,228-INFO-Full URL:  http://192.168.3.172:80/ai-arts/api/v1/projects, method:POST
run_log.py-53-2021-08-17 16:00:57,229-INFO-Status code:  200
run_log.py-53-2021-08-17 16:00:57,229-INFO-Request body:  {'name': 'Project_189fdcc0', 'description': 'description 189fdcc0,  创建时间2021-08-17  16:00:56', 'type': '专家模式'}
run_log.py-53-2021-08-17 16:00:57,229-INFO-{'code': 0, 'data': {'id': 163, 'createdAt': 1629187256822, 'name': 'Project_189fdcc0', 'description': 'description 189fdcc0,  创建时间2021-08-17  16:00:56', 'creator': 'hjl-admin', 'groupId': 492674, 'groupName': 'orgadmin-user-group', 'status': 'ready', 'codeId': 'Sf9DypqpTJerpBgbbI5AoA', 'labId': 147, 'type': '专家模式'}, 'msg': 'success'}
run_log.py-53-2021-08-17 16:00:57,230-INFO-----------------------------获取项目列表----------------------------
run_log.py-53-2021-08-17 16:00:57,236-INFO-Full URL:  http://192.168.3.172:80/ai-arts/api/v1/projects/list?pageNum=1&pageSize=99&sort=, method:GET
run_log.py-53-2021-08-17 16:00:57,237-INFO-Status code:  200
run_log.py-53-2021-08-17 16:00:57,237-INFO-Request body:  None
run_log.py-53-2021-08-17 16:00:57,237-INFO-{'code': 0, 'data': {'items': [{'id': 163, 'createdAt': 1629187256822, 'name': 'Project_189fdcc0', 'description': 'description 189fdcc0,  创建时间2021-08-17  16:00:56', 'creator': 'hjl-admin', 'groupId': 492674, 'groupName': 'orgadmin-user-group', 'status': 'ready', 'codeId': 'Sf9DypqpTJerpBgbbI5AoA', 'labId': 147, 'type': '专家模式'}, {'id': 162, 'createdAt': 1629187247261, 'name': 'Project_cdd65b63', 'description': 'description cdd65b63,  创建时间2021-08-17  16:00:47', 'creator': 'hjl-admin', 'groupId': 492674, 'groupName': 'orgadmin-user-group', 'status': 'ready', 'codeId': '6spWH3rcS8e4MEpbpofkaQ', 'labId': 146, 'type': '专家模式'}, {'id': 161, 'createdAt': 1629187246459, 'name': 'Project_beceed25', 'description': 'description beceed25,  创建时间2021-08-17  16:00:46', 'creator': 'hjl-admin', 'groupId': 492674, 'groupName': 'orgadmin-user-group', 'status': 'ready', 'codeId': '-UO8vNKpSxiPj3J6HBcfvw', 'labId': 145, 'type': '专家模式'}, {'id': 157, 'createdAt': 1629187224063, 'name': 'Project_16a4fbd3', 'description': 'description 16a4fbd3,  创建时间2021-08-17  16:00:24', 'creator': 'hjl-admin', 'groupId': 492674, 'groupName': 'orgadmin-user-group', 'status': 'ready', 'codeId': 'rouXRDHnQTaOVOxJ-PY2Tg', 'labId': 141, 'type': '专家模式'}, {'id': 156, 'createdAt': 1629187223587, 'name': 'Project_f7127514', 'description': 'description f7127514,  创建时间2021-08-17  16:00:23', 'creator': 'hjl-admin', 'groupId': 492674, 'groupName': 'orgadmin-user-group', 'status': 'ready', 'codeId': 'FUwCa9qeQTGx8JlyMbP-gw', 'labId': 140, 'type': '专家模式'}, {'id': 127, 'createdAt': 1629185689626, 'name': 'Project_ec08e561', 'description': 'description ec08e561,  创建时间2021-08-17  15:34:49', 'creator': 'hjl-admin', 'groupId': 492674, 'groupName': 'orgadmin-user-group', 'status': 'ready', 'codeId': 'ZIqlHBTLTP-wLp6C0L2pHg', 'labId': 123, 'type': '专家模式'}, {'id': 126, 'createdAt': 1629185682768, 'name': 'Project_946d9cdb', 'description': 'description 946d9cdb,  创建时间2021-08-17  15:34:42', 'creator': 'hjl-admin', 'groupId': 492674, 'groupName': 'orgadmin-user-group', 'status': 'ready', 'codeId': 'WVTjm7aMTymSt884JvdXvA', 'labId': 122, 'type': '专家模式'}, {'id': 125, 'createdAt': 1629185680149, 'name': 'Project_28084b1a', 'description': 'description 28084b1a,  创建时间2021-08-17  15:34:40', 'creator': 'hjl-admin', 'groupId': 492674, 'groupName': 'orgadmin-user-group', 'status': 'ready', 'codeId': 'G3sS1mwsR6GR4BEDPfzggA', 'labId': 121, 'type': '专家模式'}, {'id': 124, 'createdAt': 1629185677063, 'name': 'Project_b8084ef9', 'description': 'description b8084ef9,  创建时间2021-08-17  15:34:37', 'creator': 'hjl-admin', 'groupId': 492674, 'groupName': 'orgadmin-user-group', 'status': 'ready', 'codeId': '8ZVmsj0rR-O0t0I46GIuZg', 'labId': 120, 'type': '专家模式'}, {'id': 123, 'createdAt': 1629185674821, 'name': 'Project_f015f669', 'description': 'description f015f669,  创建时间2021-08-17  15:34:34', 'creator': 'hjl-admin', 'groupId': 492674, 'groupName': 'orgadmin-user-group', 'status': 'ready', 'codeId': 'KqA922bpTpKCPaLERgQlww', 'labId': 119, 'type': '专家模式'}, {'id': 122, 'createdAt': 1629185673608, 'name': 'Project_931b0e1b', 'description': 'description 931b0e1b,  创建时间2021-08-17  15:34:33', 'creator': 'hjl-admin', 'groupId': 492674, 'groupName': 'orgadmin-user-group', 'status': 'ready', 'codeId': 'T43_kJrDQJq13kRLhwhUdw', 'labId': 118, 'type': '专家模式'}], 'total': 11}, 'msg': 'success'}
run_log.py-53-2021-08-17 16:00:57,242-INFO-断言成功，项目添加成功
run_log.py-53-2021-08-17 16:00:57,243-INFO-----------------------------删除项目----------------------------
run_log.py-53-2021-08-17 16:00:57,280-INFO-Full URL:  http://192.168.3.172:80/ai-arts/api/v1/projects/163, method:DELETE
run_log.py-53-2021-08-17 16:00:57,281-INFO-Status code:  200
run_log.py-53-2021-08-17 16:00:57,281-INFO-Request body:  None
run_log.py-53-2021-08-17 16:00:57,282-INFO-{'code': 0, 'data': {}, 'message': 'success'}
run_log.py-53-2021-08-17 16:00:57,283-INFO-数据清理，删除项目，id 163
run_log.py-53-2021-08-17 16:00:57,296-INFO-执行项目管理测试用例
run_log.py-53-2021-08-17 16:00:57,297-INFO-测试项目列表接口
run_log.py-53-2021-08-17 16:00:57,297-INFO-----------------------------获取项目列表----------------------------
run_log.py-53-2021-08-17 16:00:57,305-INFO-Full URL:  http://192.168.3.172:80/ai-arts/api/v1/projects/list?pageNum=1&pageSize=99&sort=, method:GET
run_log.py-53-2021-08-17 16:00:57,306-INFO-Status code:  200
run_log.py-53-2021-08-17 16:00:57,306-INFO-Request body:  None
run_log.py-53-2021-08-17 16:00:57,306-INFO-{'code': 0, 'data': {'items': [{'id': 162, 'createdAt': 1629187247261, 'name': 'Project_cdd65b63', 'description': 'description cdd65b63,  创建时间2021-08-17  16:00:47', 'creator': 'hjl-admin', 'groupId': 492674, 'groupName': 'orgadmin-user-group', 'status': 'ready', 'codeId': '6spWH3rcS8e4MEpbpofkaQ', 'labId': 146, 'type': '专家模式'}, {'id': 161, 'createdAt': 1629187246459, 'name': 'Project_beceed25', 'description': 'description beceed25,  创建时间2021-08-17  16:00:46', 'creator': 'hjl-admin', 'groupId': 492674, 'groupName': 'orgadmin-user-group', 'status': 'ready', 'codeId': '-UO8vNKpSxiPj3J6HBcfvw', 'labId': 145, 'type': '专家模式'}, {'id': 157, 'createdAt': 1629187224063, 'name': 'Project_16a4fbd3', 'description': 'description 16a4fbd3,  创建时间2021-08-17  16:00:24', 'creator': 'hjl-admin', 'groupId': 492674, 'groupName': 'orgadmin-user-group', 'status': 'ready', 'codeId': 'rouXRDHnQTaOVOxJ-PY2Tg', 'labId': 141, 'type': '专家模式'}, {'id': 156, 'createdAt': 1629187223587, 'name': 'Project_f7127514', 'description': 'description f7127514,  创建时间2021-08-17  16:00:23', 'creator': 'hjl-admin', 'groupId': 492674, 'groupName': 'orgadmin-user-group', 'status': 'ready', 'codeId': 'FUwCa9qeQTGx8JlyMbP-gw', 'labId': 140, 'type': '专家模式'}, {'id': 127, 'createdAt': 1629185689626, 'name': 'Project_ec08e561', 'description': 'description ec08e561,  创建时间2021-08-17  15:34:49', 'creator': 'hjl-admin', 'groupId': 492674, 'groupName': 'orgadmin-user-group', 'status': 'ready', 'codeId': 'ZIqlHBTLTP-wLp6C0L2pHg', 'labId': 123, 'type': '专家模式'}, {'id': 126, 'createdAt': 1629185682768, 'name': 'Project_946d9cdb', 'description': 'description 946d9cdb,  创建时间2021-08-17  15:34:42', 'creator': 'hjl-admin', 'groupId': 492674, 'groupName': 'orgadmin-user-group', 'status': 'ready', 'codeId': 'WVTjm7aMTymSt884JvdXvA', 'labId': 122, 'type': '专家模式'}, {'id': 125, 'createdAt': 1629185680149, 'name': 'Project_28084b1a', 'description': 'description 28084b1a,  创建时间2021-08-17  15:34:40', 'creator': 'hjl-admin', 'groupId': 492674, 'groupName': 'orgadmin-user-group', 'status': 'ready', 'codeId': 'G3sS1mwsR6GR4BEDPfzggA', 'labId': 121, 'type': '专家模式'}, {'id': 124, 'createdAt': 1629185677063, 'name': 'Project_b8084ef9', 'description': 'description b8084ef9,  创建时间2021-08-17  15:34:37', 'creator': 'hjl-admin', 'groupId': 492674, 'groupName': 'orgadmin-user-group', 'status': 'ready', 'codeId': '8ZVmsj0rR-O0t0I46GIuZg', 'labId': 120, 'type': '专家模式'}, {'id': 123, 'createdAt': 1629185674821, 'name': 'Project_f015f669', 'description': 'description f015f669,  创建时间2021-08-17  15:34:34', 'creator': 'hjl-admin', 'groupId': 492674, 'groupName': 'orgadmin-user-group', 'status': 'ready', 'codeId': 'KqA922bpTpKCPaLERgQlww', 'labId': 119, 'type': '专家模式'}, {'id': 122, 'createdAt': 1629185673608, 'name': 'Project_931b0e1b', 'description': 'description 931b0e1b,  创建时间2021-08-17  15:34:33', 'creator': 'hjl-admin', 'groupId': 492674, 'groupName': 'orgadmin-user-group', 'status': 'ready', 'codeId': 'T43_kJrDQJq13kRLhwhUdw', 'labId': 118, 'type': '专家模式'}], 'total': 10}, 'msg': 'success'}
run_log.py-53-2021-08-17 16:00:57,310-INFO-断言成功，项目列表默认按创建时间倒序排返回
run_log.py-53-2021-08-17 16:00:57,322-INFO-执行项目管理测试用例
run_log.py-53-2021-08-17 16:00:57,323-INFO-测试删除项目接口
run_log.py-53-2021-08-17 16:00:57,323-INFO-----------------------------创建项目----------------------------
run_log.py-53-2021-08-17 16:00:57,640-INFO-Full URL:  http://192.168.3.172:80/ai-arts/api/v1/projects, method:POST
run_log.py-53-2021-08-17 16:00:57,641-INFO-Status code:  200
run_log.py-53-2021-08-17 16:00:57,641-INFO-Request body:  {'name': 'Project_383ab2de', 'description': 'description 383ab2de,  创建时间2021-08-17  16:00:57', 'type': '专家模式'}
run_log.py-53-2021-08-17 16:00:57,641-INFO-{'code': 0, 'data': {'id': 164, 'createdAt': 1629187257350, 'name': 'Project_383ab2de', 'description': 'description 383ab2de,  创建时间2021-08-17  16:00:57', 'creator': 'hjl-admin', 'groupId': 492674, 'groupName': 'orgadmin-user-group', 'status': 'ready', 'codeId': 'l6XpbA1LStqsv72-NDSUMA', 'labId': 148, 'type': '专家模式'}, 'msg': 'success'}
run_log.py-53-2021-08-17 16:00:57,642-INFO-----------------------------删除项目----------------------------
run_log.py-53-2021-08-17 16:00:57,673-INFO-Full URL:  http://192.168.3.172:80/ai-arts/api/v1/projects/164, method:DELETE
run_log.py-53-2021-08-17 16:00:57,674-INFO-Status code:  200
run_log.py-53-2021-08-17 16:00:57,674-INFO-Request body:  None
run_log.py-53-2021-08-17 16:00:57,674-INFO-{'code': 0, 'data': {}, 'message': 'success'}
run_log.py-53-2021-08-17 16:00:57,674-INFO-----------------------------获取项目列表----------------------------
run_log.py-53-2021-08-17 16:00:57,679-INFO-Full URL:  http://192.168.3.172:80/ai-arts/api/v1/projects/list?pageNum=1&pageSize=99&sort=, method:GET
run_log.py-53-2021-08-17 16:00:57,680-INFO-Status code:  200
run_log.py-53-2021-08-17 16:00:57,680-INFO-Request body:  None
run_log.py-53-2021-08-17 16:00:57,680-INFO-{'code': 0, 'data': {'items': [{'id': 162, 'createdAt': 1629187247261, 'name': 'Project_cdd65b63', 'description': 'description cdd65b63,  创建时间2021-08-17  16:00:47', 'creator': 'hjl-admin', 'groupId': 492674, 'groupName': 'orgadmin-user-group', 'status': 'ready', 'codeId': '6spWH3rcS8e4MEpbpofkaQ', 'labId': 146, 'type': '专家模式'}, {'id': 161, 'createdAt': 1629187246459, 'name': 'Project_beceed25', 'description': 'description beceed25,  创建时间2021-08-17  16:00:46', 'creator': 'hjl-admin', 'groupId': 492674, 'groupName': 'orgadmin-user-group', 'status': 'ready', 'codeId': '-UO8vNKpSxiPj3J6HBcfvw', 'labId': 145, 'type': '专家模式'}, {'id': 157, 'createdAt': 1629187224063, 'name': 'Project_16a4fbd3', 'description': 'description 16a4fbd3,  创建时间2021-08-17  16:00:24', 'creator': 'hjl-admin', 'groupId': 492674, 'groupName': 'orgadmin-user-group', 'status': 'ready', 'codeId': 'rouXRDHnQTaOVOxJ-PY2Tg', 'labId': 141, 'type': '专家模式'}, {'id': 156, 'createdAt': 1629187223587, 'name': 'Project_f7127514', 'description': 'description f7127514,  创建时间2021-08-17  16:00:23', 'creator': 'hjl-admin', 'groupId': 492674, 'groupName': 'orgadmin-user-group', 'status': 'ready', 'codeId': 'FUwCa9qeQTGx8JlyMbP-gw', 'labId': 140, 'type': '专家模式'}, {'id': 127, 'createdAt': 1629185689626, 'name': 'Project_ec08e561', 'description': 'description ec08e561,  创建时间2021-08-17  15:34:49', 'creator': 'hjl-admin', 'groupId': 492674, 'groupName': 'orgadmin-user-group', 'status': 'ready', 'codeId': 'ZIqlHBTLTP-wLp6C0L2pHg', 'labId': 123, 'type': '专家模式'}, {'id': 126, 'createdAt': 1629185682768, 'name': 'Project_946d9cdb', 'description': 'description 946d9cdb,  创建时间2021-08-17  15:34:42', 'creator': 'hjl-admin', 'groupId': 492674, 'groupName': 'orgadmin-user-group', 'status': 'ready', 'codeId': 'WVTjm7aMTymSt884JvdXvA', 'labId': 122, 'type': '专家模式'}, {'id': 125, 'createdAt': 1629185680149, 'name': 'Project_28084b1a', 'description': 'description 28084b1a,  创建时间2021-08-17  15:34:40', 'creator': 'hjl-admin', 'groupId': 492674, 'groupName': 'orgadmin-user-group', 'status': 'ready', 'codeId': 'G3sS1mwsR6GR4BEDPfzggA', 'labId': 121, 'type': '专家模式'}, {'id': 124, 'createdAt': 1629185677063, 'name': 'Project_b8084ef9', 'description': 'description b8084ef9,  创建时间2021-08-17  15:34:37', 'creator': 'hjl-admin', 'groupId': 492674, 'groupName': 'orgadmin-user-group', 'status': 'ready', 'codeId': '8ZVmsj0rR-O0t0I46GIuZg', 'labId': 120, 'type': '专家模式'}, {'id': 123, 'createdAt': 1629185674821, 'name': 'Project_f015f669', 'description': 'description f015f669,  创建时间2021-08-17  15:34:34', 'creator': 'hjl-admin', 'groupId': 492674, 'groupName': 'orgadmin-user-group', 'status': 'ready', 'codeId': 'KqA922bpTpKCPaLERgQlww', 'labId': 119, 'type': '专家模式'}, {'id': 122, 'createdAt': 1629185673608, 'name': 'Project_931b0e1b', 'description': 'description 931b0e1b,  创建时间2021-08-17  15:34:33', 'creator': 'hjl-admin', 'groupId': 492674, 'groupName': 'orgadmin-user-group', 'status': 'ready', 'codeId': 'T43_kJrDQJq13kRLhwhUdw', 'labId': 118, 'type': '专家模式'}], 'total': 10}, 'msg': 'success'}
run_log.py-53-2021-08-17 16:00:57,683-INFO-断言成功，删除项目成功
run_log.py-53-2021-08-17 16:00:57,695-INFO-执行项目管理测试用例
run_log.py-53-2021-08-17 16:00:57,696-INFO-测试获取项目详情接口
run_log.py-53-2021-08-17 16:00:57,696-INFO-----------------------------创建项目----------------------------
run_log.py-53-2021-08-17 16:00:58,063-INFO-Full URL:  http://192.168.3.172:80/ai-arts/api/v1/projects, method:POST
run_log.py-53-2021-08-17 16:00:58,064-INFO-Status code:  200
run_log.py-53-2021-08-17 16:00:58,065-INFO-Request body:  {'name': 'Project_e4b54890', 'description': 'description e4b54890,  创建时间2021-08-17  16:00:57', 'type': '专家模式'}
run_log.py-53-2021-08-17 16:00:58,066-INFO-{'code': 0, 'data': {'id': 165, 'createdAt': 1629187257720, 'name': 'Project_e4b54890', 'description': 'description e4b54890,  创建时间2021-08-17  16:00:57', 'creator': 'hjl-admin', 'groupId': 492674, 'groupName': 'orgadmin-user-group', 'status': 'ready', 'codeId': 'hl_Uc3WWRC6A8Ki7a16dYA', 'labId': 149, 'type': '专家模式'}, 'msg': 'success'}
run_log.py-53-2021-08-17 16:00:58,068-INFO-----------------------------获取项目详情----------------------------
run_log.py-53-2021-08-17 16:00:58,079-INFO-Full URL:  http://192.168.3.172:80/ai-arts/api/v1/projects/165, method:GET
run_log.py-53-2021-08-17 16:00:58,080-INFO-Status code:  200
run_log.py-53-2021-08-17 16:00:58,080-INFO-Request body:  None
run_log.py-53-2021-08-17 16:00:58,080-INFO-{'code': 0, 'data': {'name': 'Project_e4b54890', 'description': 'description e4b54890,  创建时间2021-08-17  16:00:57', 'creator': 'hjl-admin', 'groupId': 492674, 'groupName': 'orgadmin-user-group', 'status': 'ready', 'codeId': 'hl_Uc3WWRC6A8Ki7a16dYA', 'labId': 149, 'type': '专家模式', 'labStatus': -1}, 'msg': 'success'}
run_log.py-53-2021-08-17 16:00:58,081-INFO-断言成功，项目状态是ready
run_log.py-53-2021-08-17 16:00:58,081-INFO-----------------------------删除项目----------------------------
run_log.py-53-2021-08-17 16:00:58,109-INFO-Full URL:  http://192.168.3.172:80/ai-arts/api/v1/projects/165, method:DELETE
run_log.py-53-2021-08-17 16:00:58,110-INFO-Status code:  200
run_log.py-53-2021-08-17 16:00:58,110-INFO-Request body:  None
run_log.py-53-2021-08-17 16:00:58,110-INFO-{'code': 0, 'data': {}, 'message': 'success'}
run_log.py-53-2021-08-17 16:00:58,110-INFO-数据清理，删除项目，id 165
run_log.py-53-2021-08-17 16:00:58,122-INFO-执行项目管理测试用例
run_log.py-53-2021-08-17 16:00:58,122-INFO-测试创建代码开发环境
run_log.py-53-2021-08-17 16:00:58,123-INFO-----------------------------创建项目----------------------------
run_log.py-53-2021-08-17 16:00:58,684-INFO-Full URL:  http://192.168.3.172:80/ai-arts/api/v1/projects, method:POST
run_log.py-53-2021-08-17 16:00:58,685-INFO-Status code:  200
run_log.py-53-2021-08-17 16:00:58,687-INFO-Request body:  {'name': 'Project_f96e741f', 'description': 'description f96e741f,  创建时间2021-08-17  16:00:58', 'type': '专家模式'}
run_log.py-53-2021-08-17 16:00:58,687-INFO-{'code': 0, 'data': {'id': 166, 'createdAt': 1629187258148, 'name': 'Project_f96e741f', 'description': 'description f96e741f,  创建时间2021-08-17  16:00:58', 'creator': 'hjl-admin', 'groupId': 492674, 'groupName': 'orgadmin-user-group', 'status': 'ready', 'codeId': 'PET1qeH2QJaTlr4Y6Uw9Iw', 'labId': 150, 'type': '专家模式'}, 'msg': 'success'}
run_log.py-53-2021-08-17 16:00:58,687-INFO-----------------------------启动代码开发环境----------------------------
run_log.py-53-2021-08-17 16:00:58,999-INFO-Full URL:  http://192.168.3.172:80/ai-arts/api/v1/projects/166/code-lab/start, method:POST
run_log.py-53-2021-08-17 16:00:59,001-INFO-Status code:  200
run_log.py-53-2021-08-17 16:00:59,003-INFO-Request body:  {'config': {'imageSource': '镜像中心', 'imageName': 'harbor.apulis.cn:8443/algorithm/apulistech/horovod:0.20.0-tf2.3.0-torch1.6.0-mxnet1.6.0.post0-py3.7-cuda10.1-nni1.9', 'dataSets': [], 'resourceInfo': {'cpu': '1', 'memory': '4G', 'device': {'deviceType': '', 'deviceNum': '', 'computeType': '', 'series': ''}}}}
run_log.py-53-2021-08-17 16:00:59,004-INFO-{'code': 0, 'data': {}, 'message': 'success'}
run_log.py-53-2021-08-17 16:00:59,005-INFO-断言成功，启动代码开发环境成功
run_log.py-53-2021-08-17 16:00:59,063-INFO-执行项目管理测试用例
run_log.py-53-2021-08-17 16:00:59,064-INFO-测试获取同组所有用户环境接口
run_log.py-53-2021-08-17 16:00:59,064-INFO-----------------------------创建项目----------------------------
run_log.py-53-2021-08-17 16:00:59,873-INFO-Full URL:  http://192.168.3.172:80/ai-arts/api/v1/projects, method:POST
run_log.py-53-2021-08-17 16:00:59,873-INFO-Status code:  200
run_log.py-53-2021-08-17 16:00:59,874-INFO-Request body:  {'name': 'Project_72bbc95c', 'description': 'description 72bbc95c,  创建时间2021-08-17  16:00:59', 'type': '专家模式'}
run_log.py-53-2021-08-17 16:00:59,874-INFO-{'code': 0, 'data': {'id': 167, 'createdAt': 1629187259089, 'name': 'Project_72bbc95c', 'description': 'description 72bbc95c,  创建时间2021-08-17  16:00:59', 'creator': 'hjl-admin', 'groupId': 492674, 'groupName': 'orgadmin-user-group', 'status': 'ready', 'codeId': 'K1Y3BVf3QfO_96DJuqSW_g', 'labId': 151, 'type': '专家模式'}, 'msg': 'success'}
run_log.py-53-2021-08-17 16:00:59,874-INFO-----------------------------获取代码开发环境列表----------------------------
run_log.py-53-2021-08-17 16:00:59,884-INFO-Full URL:  http://192.168.3.172:80/ai-arts/api/v1/projects/167/code-lab/list?pageNum=1&pageSize=99&groupId=492674, method:GET
run_log.py-53-2021-08-17 16:00:59,884-INFO-Status code:  200
run_log.py-53-2021-08-17 16:00:59,885-INFO-Request body:  None
run_log.py-53-2021-08-17 16:00:59,885-INFO-{'code': 0, 'data': {'items': None, 'total': 0}, 'msg': 'success'}
run_log.py-53-2021-08-17 16:00:59,885-INFO-断言成功，获取同组所有用户环境失败
