run_log.py-53-2021-08-17 15:52:54,307-INFO-执行项目管理测试用例
run_log.py-53-2021-08-17 15:52:54,307-INFO-测试创建代码开发环境
run_log.py-53-2021-08-17 15:52:54,308-INFO-----------------------------创建项目----------------------------
run_log.py-53-2021-08-17 15:52:54,771-INFO-Full URL:  http://192.168.3.172:80/ai-arts/api/v1/projects, method:POST
run_log.py-53-2021-08-17 15:52:54,771-INFO-Status code:  200
run_log.py-53-2021-08-17 15:52:54,771-INFO-Request body:  {'name': 'Project_de882e60', 'description': 'description de882e60,  创建时间2021-08-17  15:52:54', 'type': '专家模式'}
run_log.py-53-2021-08-17 15:52:54,771-INFO-{'code': 0, 'data': {'id': 143, 'createdAt': 1629186774333, 'name': 'Project_de882e60', 'description': 'description de882e60,  创建时间2021-08-17  15:52:54', 'creator': 'hjl-admin', 'groupId': 492674, 'groupName': 'orgadmin-user-group', 'status': 'ready', 'codeId': '7-6IeS6kQhmwY2qFAoKg5g', 'labId': 131, 'type': '专家模式'}, 'msg': 'success'}
run_log.py-53-2021-08-17 15:52:54,774-INFO-----------------------------启动代码开发环境----------------------------
run_log.py-53-2021-08-17 15:52:54,935-INFO-Full URL:  http://192.168.3.172:80/ai-arts/api/v1/projects/143/code-lab/start, method:POST
run_log.py-53-2021-08-17 15:52:54,935-INFO-Status code:  200
run_log.py-53-2021-08-17 15:52:54,936-INFO-Request body:  {'config': {'imageSource': '镜像中心', 'imageName': 'harbor.apulis.cn:8443/algorithm/apulistech/horovod:0.20.0-tf2.3.0-torch1.6.0-mxnet1.6.0.post0-py3.7-cuda10.1-nni1.9', 'dataSets': [], 'resourceInfo': {'cpu': '1', 'memory': '4G', 'device': {'deviceType': '', 'deviceNum': '', 'computeType': '', 'series': ''}}}}
run_log.py-53-2021-08-17 15:52:54,936-INFO-{'code': 0, 'data': {}, 'message': 'success'}
run_log.py-53-2021-08-17 15:52:54,936-INFO-断言成功，启动代码开发环境成功
run_log.py-53-2021-08-17 15:52:54,936-INFO-----------------------------获取代码开发环境详情----------------------------
run_log.py-53-2021-08-17 15:52:54,947-INFO-Full URL:  http://192.168.3.172:80/ai-arts/api/v1/projects/143/code-lab?uid=0, method:GET
run_log.py-53-2021-08-17 15:52:54,947-INFO-Status code:  200
run_log.py-53-2021-08-17 15:52:54,947-INFO-Request body:  None
run_log.py-53-2021-08-17 15:52:54,947-INFO-{'code': 0, 'data': {'imageSource': '镜像中心', 'imageName': 'harbor.apulis.cn:8443/algorithm/apulistech/horovod:0.20.0-tf2.3.0-torch1.6.0-mxnet1.6.0.post0-py3.7-cuda10.1-nni1.9', 'dataSets': [], 'resourceInfo': {'cpu': '1', 'memory': '4G', 'device': {'deviceType': '', 'deviceNum': '', 'series': '', 'computeType': ''}}, 'uid': 2094817, 'projectId': 143, 'groupId': 492674, 'labId': 131, 'runId': 'dev-f3179525-5626-43a2-95ff-1dd389d5774d', 'status': 1, 'creator': 'hjl-admin', 'createTime': 1629186774799, 'datasetPath': None, 'codePath': '/home/hjl-admin/code', 'outputPath': '/home/hjl-admin/outputs', 'userDataPath': '/home/hjl-admin/userdata', 'teamDataPath': '/home/hjl-admin/teamdata', 'userCondaPath': '/home/hjl-admin/userdata'}, 'msg': 'success'}
run_log.py-53-2021-08-17 15:52:55,947-INFO-----------------------------获取代码开发环境详情----------------------------
run_log.py-53-2021-08-17 15:52:55,961-INFO-Full URL:  http://192.168.3.172:80/ai-arts/api/v1/projects/143/code-lab?uid=0, method:GET
run_log.py-53-2021-08-17 15:52:55,961-INFO-Status code:  200
run_log.py-53-2021-08-17 15:52:55,962-INFO-Request body:  None
run_log.py-53-2021-08-17 15:52:55,962-INFO-{'code': 0, 'data': {'imageSource': '镜像中心', 'imageName': 'harbor.apulis.cn:8443/algorithm/apulistech/horovod:0.20.0-tf2.3.0-torch1.6.0-mxnet1.6.0.post0-py3.7-cuda10.1-nni1.9', 'dataSets': [], 'resourceInfo': {'cpu': '1', 'memory': '4G', 'device': {'deviceType': '', 'deviceNum': '', 'series': '', 'computeType': ''}}, 'uid': 2094817, 'projectId': 143, 'groupId': 492674, 'labId': 131, 'runId': 'dev-f3179525-5626-43a2-95ff-1dd389d5774d', 'status': 102, 'creator': 'hjl-admin', 'createTime': 1629186774799, 'datasetPath': None, 'codePath': '/home/hjl-admin/code', 'outputPath': '/home/hjl-admin/outputs', 'userDataPath': '/home/hjl-admin/userdata', 'teamDataPath': '/home/hjl-admin/teamdata', 'userCondaPath': '/home/hjl-admin/userdata'}, 'msg': 'success'}
run_log.py-62-2021-08-17 15:52:55,962-ERROR-断言失败assert 102 == 7, 代码开发环境状态不为running
run_log.py-53-2021-08-17 15:52:55,962-INFO-----------------------------停止代码开发环境----------------------------
run_log.py-53-2021-08-17 15:52:56,001-INFO-Full URL:  http://192.168.3.172:80/ai-arts/api/v1/projects/143/code-lab/stop, method:POST
run_log.py-53-2021-08-17 15:52:56,001-INFO-Status code:  200
run_log.py-53-2021-08-17 15:52:56,002-INFO-Request body:  {'runId': 'dev-f3179525-5626-43a2-95ff-1dd389d5774d'}
run_log.py-53-2021-08-17 15:52:56,002-INFO-{'code': 0, 'data': {}, 'message': 'success'}
run_log.py-53-2021-08-17 15:52:56,002-INFO-断言成功，停止代码开发环境成功
run_log.py-53-2021-08-17 15:52:56,002-INFO-----------------------------删除项目----------------------------
run_log.py-53-2021-08-17 15:52:56,034-INFO-Full URL:  http://192.168.3.172:80/ai-arts/api/v1/projects/143, method:DELETE
run_log.py-53-2021-08-17 15:52:56,034-INFO-Status code:  200
run_log.py-53-2021-08-17 15:52:56,034-INFO-Request body:  None
run_log.py-53-2021-08-17 15:52:56,034-INFO-{'code': 0, 'data': {}, 'message': 'success'}
run_log.py-53-2021-08-17 15:52:56,034-INFO-数据清理，删除项目，id 143
