run_log.py-53-2021-08-17 15:50:38,100-INFO-执行项目管理测试用例
run_log.py-53-2021-08-17 15:50:38,101-INFO-测试创建专家模型项目
run_log.py-53-2021-08-17 15:50:38,101-INFO-----------------------------创建项目----------------------------
run_log.py-53-2021-08-17 15:50:39,449-INFO-Full URL:  http://192.168.3.172:80/ai-arts/api/v1/projects, method:POST
run_log.py-53-2021-08-17 15:50:39,449-INFO-Status code:  200
run_log.py-53-2021-08-17 15:50:39,449-INFO-Request body:  {'name': 'Project_af8c8a13', 'description': 'description af8c8a13,  创建时间2021-08-17  15:50:38', 'type': '专家模式'}
run_log.py-53-2021-08-17 15:50:39,449-INFO-{'code': 0, 'data': {'id': 138, 'createdAt': 1629186638126, 'name': 'Project_af8c8a13', 'description': 'description af8c8a13,  创建时间2021-08-17  15:50:38', 'creator': 'hjl-admin', 'groupId': 492674, 'groupName': 'orgadmin-user-group', 'status': 'ready', 'codeId': 'rvut2SA-RhGBjFctttDXSA', 'labId': 130, 'type': '专家模式'}, 'msg': 'success'}
run_log.py-53-2021-08-17 15:50:39,451-INFO-----------------------------获取项目列表----------------------------
run_log.py-53-2021-08-17 15:50:39,458-INFO-Full URL:  http://192.168.3.172:80/ai-arts/api/v1/projects/list?pageNum=1&pageSize=99&sort=, method:GET
run_log.py-53-2021-08-17 15:50:39,458-INFO-Status code:  200
run_log.py-53-2021-08-17 15:50:39,458-INFO-Request body:  None
run_log.py-53-2021-08-17 15:50:39,458-INFO-{'code': 0, 'data': {'items': [{'id': 138, 'createdAt': 1629186638126, 'name': 'Project_af8c8a13', 'description': 'description af8c8a13,  创建时间2021-08-17  15:50:38', 'creator': 'hjl-admin', 'groupId': 492674, 'groupName': 'orgadmin-user-group', 'status': 'ready', 'codeId': 'rvut2SA-RhGBjFctttDXSA', 'labId': 130, 'type': '专家模式'}, {'id': 131, 'createdAt': 1629185743552, 'name': 'Project_d3826d14', 'description': 'description d3826d14,  创建时间2021-08-17  15:35:43', 'creator': 'hjl-admin', 'groupId': 492674, 'groupName': 'orgadmin-user-group', 'status': 'ready', 'codeId': '0kt53_GbTs-X_2qEu8RnvQ', 'labId': 127, 'type': '专家模式'}, {'id': 127, 'createdAt': 1629185689626, 'name': 'Project_ec08e561', 'description': 'description ec08e561,  创建时间2021-08-17  15:34:49', 'creator': 'hjl-admin', 'groupId': 492674, 'groupName': 'orgadmin-user-group', 'status': 'ready', 'codeId': 'ZIqlHBTLTP-wLp6C0L2pHg', 'labId': 123, 'type': '专家模式'}, {'id': 126, 'createdAt': 1629185682768, 'name': 'Project_946d9cdb', 'description': 'description 946d9cdb,  创建时间2021-08-17  15:34:42', 'creator': 'hjl-admin', 'groupId': 492674, 'groupName': 'orgadmin-user-group', 'status': 'ready', 'codeId': 'WVTjm7aMTymSt884JvdXvA', 'labId': 122, 'type': '专家模式'}, {'id': 125, 'createdAt': 1629185680149, 'name': 'Project_28084b1a', 'description': 'description 28084b1a,  创建时间2021-08-17  15:34:40', 'creator': 'hjl-admin', 'groupId': 492674, 'groupName': 'orgadmin-user-group', 'status': 'ready', 'codeId': 'G3sS1mwsR6GR4BEDPfzggA', 'labId': 121, 'type': '专家模式'}, {'id': 124, 'createdAt': 1629185677063, 'name': 'Project_b8084ef9', 'description': 'description b8084ef9,  创建时间2021-08-17  15:34:37', 'creator': 'hjl-admin', 'groupId': 492674, 'groupName': 'orgadmin-user-group', 'status': 'ready', 'codeId': '8ZVmsj0rR-O0t0I46GIuZg', 'labId': 120, 'type': '专家模式'}, {'id': 123, 'createdAt': 1629185674821, 'name': 'Project_f015f669', 'description': 'description f015f669,  创建时间2021-08-17  15:34:34', 'creator': 'hjl-admin', 'groupId': 492674, 'groupName': 'orgadmin-user-group', 'status': 'ready', 'codeId': 'KqA922bpTpKCPaLERgQlww', 'labId': 119, 'type': '专家模式'}, {'id': 122, 'createdAt': 1629185673608, 'name': 'Project_931b0e1b', 'description': 'description 931b0e1b,  创建时间2021-08-17  15:34:33', 'creator': 'hjl-admin', 'groupId': 492674, 'groupName': 'orgadmin-user-group', 'status': 'ready', 'codeId': 'T43_kJrDQJq13kRLhwhUdw', 'labId': 118, 'type': '专家模式'}], 'total': 8}, 'msg': 'success'}
run_log.py-53-2021-08-17 15:50:39,461-INFO-断言成功，项目添加成功
run_log.py-53-2021-08-17 15:50:39,461-INFO-----------------------------删除项目----------------------------
run_log.py-53-2021-08-17 15:50:39,510-INFO-Full URL:  http://192.168.3.172:80/ai-arts/api/v1/projects/138, method:DELETE
run_log.py-53-2021-08-17 15:50:39,510-INFO-Status code:  200
run_log.py-53-2021-08-17 15:50:39,510-INFO-Request body:  None
run_log.py-53-2021-08-17 15:50:39,511-INFO-{'code': 0, 'data': {}, 'message': 'success'}
run_log.py-53-2021-08-17 15:50:39,511-INFO-数据清理，删除项目，id 138
run_log.py-53-2021-08-17 15:50:39,518-INFO-测试项目列表接口
run_log.py-53-2021-08-17 15:50:39,518-INFO-----------------------------获取项目列表----------------------------
run_log.py-53-2021-08-17 15:50:39,523-INFO-Full URL:  http://192.168.3.172:80/ai-arts/api/v1/projects/list?pageNum=1&pageSize=99&sort=, method:GET
run_log.py-53-2021-08-17 15:50:39,524-INFO-Status code:  200
run_log.py-53-2021-08-17 15:50:39,524-INFO-Request body:  None
run_log.py-53-2021-08-17 15:50:39,524-INFO-{'code': 0, 'data': {'items': [{'id': 131, 'createdAt': 1629185743552, 'name': 'Project_d3826d14', 'description': 'description d3826d14,  创建时间2021-08-17  15:35:43', 'creator': 'hjl-admin', 'groupId': 492674, 'groupName': 'orgadmin-user-group', 'status': 'ready', 'codeId': '0kt53_GbTs-X_2qEu8RnvQ', 'labId': 127, 'type': '专家模式'}, {'id': 127, 'createdAt': 1629185689626, 'name': 'Project_ec08e561', 'description': 'description ec08e561,  创建时间2021-08-17  15:34:49', 'creator': 'hjl-admin', 'groupId': 492674, 'groupName': 'orgadmin-user-group', 'status': 'ready', 'codeId': 'ZIqlHBTLTP-wLp6C0L2pHg', 'labId': 123, 'type': '专家模式'}, {'id': 126, 'createdAt': 1629185682768, 'name': 'Project_946d9cdb', 'description': 'description 946d9cdb,  创建时间2021-08-17  15:34:42', 'creator': 'hjl-admin', 'groupId': 492674, 'groupName': 'orgadmin-user-group', 'status': 'ready', 'codeId': 'WVTjm7aMTymSt884JvdXvA', 'labId': 122, 'type': '专家模式'}, {'id': 125, 'createdAt': 1629185680149, 'name': 'Project_28084b1a', 'description': 'description 28084b1a,  创建时间2021-08-17  15:34:40', 'creator': 'hjl-admin', 'groupId': 492674, 'groupName': 'orgadmin-user-group', 'status': 'ready', 'codeId': 'G3sS1mwsR6GR4BEDPfzggA', 'labId': 121, 'type': '专家模式'}, {'id': 124, 'createdAt': 1629185677063, 'name': 'Project_b8084ef9', 'description': 'description b8084ef9,  创建时间2021-08-17  15:34:37', 'creator': 'hjl-admin', 'groupId': 492674, 'groupName': 'orgadmin-user-group', 'status': 'ready', 'codeId': '8ZVmsj0rR-O0t0I46GIuZg', 'labId': 120, 'type': '专家模式'}, {'id': 123, 'createdAt': 1629185674821, 'name': 'Project_f015f669', 'description': 'description f015f669,  创建时间2021-08-17  15:34:34', 'creator': 'hjl-admin', 'groupId': 492674, 'groupName': 'orgadmin-user-group', 'status': 'ready', 'codeId': 'KqA922bpTpKCPaLERgQlww', 'labId': 119, 'type': '专家模式'}, {'id': 122, 'createdAt': 1629185673608, 'name': 'Project_931b0e1b', 'description': 'description 931b0e1b,  创建时间2021-08-17  15:34:33', 'creator': 'hjl-admin', 'groupId': 492674, 'groupName': 'orgadmin-user-group', 'status': 'ready', 'codeId': 'T43_kJrDQJq13kRLhwhUdw', 'labId': 118, 'type': '专家模式'}], 'total': 7}, 'msg': 'success'}
run_log.py-53-2021-08-17 15:50:39,527-INFO-断言成功，项目列表默认按创建时间倒序排返回
run_log.py-53-2021-08-17 15:50:39,532-INFO-测试删除项目接口
run_log.py-53-2021-08-17 15:50:39,533-INFO-----------------------------创建项目----------------------------
run_log.py-53-2021-08-17 15:50:39,538-INFO-Full URL:  http://192.168.3.172:80/ai-arts/api/v1/projects, method:POST
run_log.py-53-2021-08-17 15:50:39,538-INFO-Status code:  500
run_log.py-53-2021-08-17 15:50:39,539-INFO-Request body:  {'name': 'Project_af8c8a13', 'description': 'description af8c8a13,  创建时间2021-08-17  15:50:38', 'type': '专家模式'}
run_log.py-53-2021-08-17 15:50:39,539-INFO-{'code': 400, 'data': {}, 'msg': 'ERROR: duplicate key value violates unique constraint "projects_name_key" (SQLSTATE 23505),CreateProject &{{0 1629186639555 1629186639555} Project_af8c8a13 description af8c8a13,  创建时间2021-08-17  15:50:38 hjl-admin 492674 orgadmin-user-group init  0 专家模式}'}
run_log.py-53-2021-08-17 15:50:39,589-INFO-测试获取项目详情接口
run_log.py-53-2021-08-17 15:50:39,589-INFO-----------------------------创建项目----------------------------
run_log.py-53-2021-08-17 15:50:39,594-INFO-Full URL:  http://192.168.3.172:80/ai-arts/api/v1/projects, method:POST
run_log.py-53-2021-08-17 15:50:39,594-INFO-Status code:  500
run_log.py-53-2021-08-17 15:50:39,594-INFO-Request body:  {'name': 'Project_af8c8a13', 'description': 'description af8c8a13,  创建时间2021-08-17  15:50:38', 'type': '专家模式'}
run_log.py-53-2021-08-17 15:50:39,595-INFO-{'code': 400, 'data': {}, 'msg': 'ERROR: duplicate key value violates unique constraint "projects_name_key" (SQLSTATE 23505),CreateProject &{{0 1629186639611 1629186639611} Project_af8c8a13 description af8c8a13,  创建时间2021-08-17  15:50:38 hjl-admin 492674 orgadmin-user-group init  0 专家模式}'}
run_log.py-53-2021-08-17 15:50:39,609-INFO-测试创建代码开发环境
run_log.py-53-2021-08-17 15:50:39,609-INFO-----------------------------创建项目----------------------------
run_log.py-53-2021-08-17 15:50:39,615-INFO-Full URL:  http://192.168.3.172:80/ai-arts/api/v1/projects, method:POST
run_log.py-53-2021-08-17 15:50:39,615-INFO-Status code:  500
run_log.py-53-2021-08-17 15:50:39,615-INFO-Request body:  {'name': 'Project_af8c8a13', 'description': 'description af8c8a13,  创建时间2021-08-17  15:50:38', 'type': '专家模式'}
run_log.py-53-2021-08-17 15:50:39,615-INFO-{'code': 400, 'data': {}, 'msg': 'ERROR: duplicate key value violates unique constraint "projects_name_key" (SQLSTATE 23505),CreateProject &{{0 1629186639632 1629186639632} Project_af8c8a13 description af8c8a13,  创建时间2021-08-17  15:50:38 hjl-admin 492674 orgadmin-user-group init  0 专家模式}'}
run_log.py-53-2021-08-17 15:50:39,623-INFO-测试获取同组所有用户环境接口
run_log.py-53-2021-08-17 15:50:39,624-INFO-----------------------------创建项目----------------------------
run_log.py-53-2021-08-17 15:50:39,628-INFO-Full URL:  http://192.168.3.172:80/ai-arts/api/v1/projects, method:POST
run_log.py-53-2021-08-17 15:50:39,629-INFO-Status code:  500
run_log.py-53-2021-08-17 15:50:39,629-INFO-Request body:  {'name': 'Project_af8c8a13', 'description': 'description af8c8a13,  创建时间2021-08-17  15:50:38', 'type': '专家模式'}
run_log.py-53-2021-08-17 15:50:39,629-INFO-{'code': 400, 'data': {}, 'msg': 'ERROR: duplicate key value violates unique constraint "projects_name_key" (SQLSTATE 23505),CreateProject &{{0 1629186639646 1629186639646} Project_af8c8a13 description af8c8a13,  创建时间2021-08-17  15:50:38 hjl-admin 492674 orgadmin-user-group init  0 专家模式}'}
