run_log.py-53-2021-08-17 16:00:44,651-INFO-执行项目管理测试用例
run_log.py-53-2021-08-17 16:00:44,652-INFO-测试创建专家模型项目
run_log.py-53-2021-08-17 16:00:44,653-INFO-----------------------------创建项目----------------------------
run_log.py-53-2021-08-17 16:00:45,355-INFO-Full URL:  http://192.168.3.172:80/ai-arts/api/v1/projects, method:POST
run_log.py-53-2021-08-17 16:00:45,357-INFO-Status code:  200
run_log.py-53-2021-08-17 16:00:45,357-INFO-Request body:  {'name': 'Project_cab893d0', 'description': 'description cab893d0,  创建时间2021-08-17  16:00:44', 'type': '专家模式'}
run_log.py-53-2021-08-17 16:00:45,358-INFO-{'code': 0, 'data': {'id': 158, 'createdAt': 1629187244678, 'name': 'Project_cab893d0', 'description': 'description cab893d0,  创建时间2021-08-17  16:00:44', 'creator': 'hjl-admin', 'groupId': 492674, 'groupName': 'orgadmin-user-group', 'status': 'ready', 'codeId': 'Cl_ZONjASi2scUXHjaZxqQ', 'labId': 142, 'type': '专家模式'}, 'msg': 'success'}
run_log.py-53-2021-08-17 16:00:45,361-INFO-----------------------------获取项目列表----------------------------
run_log.py-53-2021-08-17 16:00:45,373-INFO-Full URL:  http://192.168.3.172:80/ai-arts/api/v1/projects/list?pageNum=1&pageSize=99&sort=, method:GET
run_log.py-53-2021-08-17 16:00:45,374-INFO-Status code:  200
run_log.py-53-2021-08-17 16:00:45,374-INFO-Request body:  None
run_log.py-53-2021-08-17 16:00:45,375-INFO-{'code': 0, 'data': {'items': [{'id': 158, 'createdAt': 1629187244678, 'name': 'Project_cab893d0', 'description': 'description cab893d0,  创建时间2021-08-17  16:00:44', 'creator': 'hjl-admin', 'groupId': 492674, 'groupName': 'orgadmin-user-group', 'status': 'ready', 'codeId': 'Cl_ZONjASi2scUXHjaZxqQ', 'labId': 142, 'type': '专家模式'}, {'id': 157, 'createdAt': 1629187224063, 'name': 'Project_16a4fbd3', 'description': 'description 16a4fbd3,  创建时间2021-08-17  16:00:24', 'creator': 'hjl-admin', 'groupId': 492674, 'groupName': 'orgadmin-user-group', 'status': 'ready', 'codeId': 'rouXRDHnQTaOVOxJ-PY2Tg', 'labId': 141, 'type': '专家模式'}, {'id': 156, 'createdAt': 1629187223587, 'name': 'Project_f7127514', 'description': 'description f7127514,  创建时间2021-08-17  16:00:23', 'creator': 'hjl-admin', 'groupId': 492674, 'groupName': 'orgadmin-user-group', 'status': 'ready', 'codeId': 'FUwCa9qeQTGx8JlyMbP-gw', 'labId': 140, 'type': '专家模式'}, {'id': 127, 'createdAt': 1629185689626, 'name': 'Project_ec08e561', 'description': 'description ec08e561,  创建时间2021-08-17  15:34:49', 'creator': 'hjl-admin', 'groupId': 492674, 'groupName': 'orgadmin-user-group', 'status': 'ready', 'codeId': 'ZIqlHBTLTP-wLp6C0L2pHg', 'labId': 123, 'type': '专家模式'}, {'id': 126, 'createdAt': 1629185682768, 'name': 'Project_946d9cdb', 'description': 'description 946d9cdb,  创建时间2021-08-17  15:34:42', 'creator': 'hjl-admin', 'groupId': 492674, 'groupName': 'orgadmin-user-group', 'status': 'ready', 'codeId': 'WVTjm7aMTymSt884JvdXvA', 'labId': 122, 'type': '专家模式'}, {'id': 125, 'createdAt': 1629185680149, 'name': 'Project_28084b1a', 'description': 'description 28084b1a,  创建时间2021-08-17  15:34:40', 'creator': 'hjl-admin', 'groupId': 492674, 'groupName': 'orgadmin-user-group', 'status': 'ready', 'codeId': 'G3sS1mwsR6GR4BEDPfzggA', 'labId': 121, 'type': '专家模式'}, {'id': 124, 'createdAt': 1629185677063, 'name': 'Project_b8084ef9', 'description': 'description b8084ef9,  创建时间2021-08-17  15:34:37', 'creator': 'hjl-admin', 'groupId': 492674, 'groupName': 'orgadmin-user-group', 'status': 'ready', 'codeId': '8ZVmsj0rR-O0t0I46GIuZg', 'labId': 120, 'type': '专家模式'}, {'id': 123, 'createdAt': 1629185674821, 'name': 'Project_f015f669', 'description': 'description f015f669,  创建时间2021-08-17  15:34:34', 'creator': 'hjl-admin', 'groupId': 492674, 'groupName': 'orgadmin-user-group', 'status': 'ready', 'codeId': 'KqA922bpTpKCPaLERgQlww', 'labId': 119, 'type': '专家模式'}, {'id': 122, 'createdAt': 1629185673608, 'name': 'Project_931b0e1b', 'description': 'description 931b0e1b,  创建时间2021-08-17  15:34:33', 'creator': 'hjl-admin', 'groupId': 492674, 'groupName': 'orgadmin-user-group', 'status': 'ready', 'codeId': 'T43_kJrDQJq13kRLhwhUdw', 'labId': 118, 'type': '专家模式'}], 'total': 9}, 'msg': 'success'}
run_log.py-53-2021-08-17 16:00:45,379-INFO-断言成功，项目添加成功
run_log.py-53-2021-08-17 16:00:45,379-INFO-----------------------------删除项目----------------------------
run_log.py-53-2021-08-17 16:00:45,412-INFO-Full URL:  http://192.168.3.172:80/ai-arts/api/v1/projects/158, method:DELETE
run_log.py-53-2021-08-17 16:00:45,412-INFO-Status code:  200
run_log.py-53-2021-08-17 16:00:45,412-INFO-Request body:  None
run_log.py-53-2021-08-17 16:00:45,412-INFO-{'code': 0, 'data': {}, 'message': 'success'}
run_log.py-53-2021-08-17 16:00:45,413-INFO-数据清理，删除项目，id 158
run_log.py-53-2021-08-17 16:00:45,425-INFO-执行项目管理测试用例
run_log.py-53-2021-08-17 16:00:45,426-INFO-测试项目列表接口
run_log.py-53-2021-08-17 16:00:45,426-INFO-----------------------------获取项目列表----------------------------
run_log.py-53-2021-08-17 16:00:45,431-INFO-Full URL:  http://192.168.3.172:80/ai-arts/api/v1/projects/list?pageNum=1&pageSize=99&sort=, method:GET
run_log.py-53-2021-08-17 16:00:45,431-INFO-Status code:  200
run_log.py-53-2021-08-17 16:00:45,431-INFO-Request body:  None
run_log.py-53-2021-08-17 16:00:45,431-INFO-{'code': 0, 'data': {'items': [{'id': 157, 'createdAt': 1629187224063, 'name': 'Project_16a4fbd3', 'description': 'description 16a4fbd3,  创建时间2021-08-17  16:00:24', 'creator': 'hjl-admin', 'groupId': 492674, 'groupName': 'orgadmin-user-group', 'status': 'ready', 'codeId': 'rouXRDHnQTaOVOxJ-PY2Tg', 'labId': 141, 'type': '专家模式'}, {'id': 156, 'createdAt': 1629187223587, 'name': 'Project_f7127514', 'description': 'description f7127514,  创建时间2021-08-17  16:00:23', 'creator': 'hjl-admin', 'groupId': 492674, 'groupName': 'orgadmin-user-group', 'status': 'ready', 'codeId': 'FUwCa9qeQTGx8JlyMbP-gw', 'labId': 140, 'type': '专家模式'}, {'id': 127, 'createdAt': 1629185689626, 'name': 'Project_ec08e561', 'description': 'description ec08e561,  创建时间2021-08-17  15:34:49', 'creator': 'hjl-admin', 'groupId': 492674, 'groupName': 'orgadmin-user-group', 'status': 'ready', 'codeId': 'ZIqlHBTLTP-wLp6C0L2pHg', 'labId': 123, 'type': '专家模式'}, {'id': 126, 'createdAt': 1629185682768, 'name': 'Project_946d9cdb', 'description': 'description 946d9cdb,  创建时间2021-08-17  15:34:42', 'creator': 'hjl-admin', 'groupId': 492674, 'groupName': 'orgadmin-user-group', 'status': 'ready', 'codeId': 'WVTjm7aMTymSt884JvdXvA', 'labId': 122, 'type': '专家模式'}, {'id': 125, 'createdAt': 1629185680149, 'name': 'Project_28084b1a', 'description': 'description 28084b1a,  创建时间2021-08-17  15:34:40', 'creator': 'hjl-admin', 'groupId': 492674, 'groupName': 'orgadmin-user-group', 'status': 'ready', 'codeId': 'G3sS1mwsR6GR4BEDPfzggA', 'labId': 121, 'type': '专家模式'}, {'id': 124, 'createdAt': 1629185677063, 'name': 'Project_b8084ef9', 'description': 'description b8084ef9,  创建时间2021-08-17  15:34:37', 'creator': 'hjl-admin', 'groupId': 492674, 'groupName': 'orgadmin-user-group', 'status': 'ready', 'codeId': '8ZVmsj0rR-O0t0I46GIuZg', 'labId': 120, 'type': '专家模式'}, {'id': 123, 'createdAt': 1629185674821, 'name': 'Project_f015f669', 'description': 'description f015f669,  创建时间2021-08-17  15:34:34', 'creator': 'hjl-admin', 'groupId': 492674, 'groupName': 'orgadmin-user-group', 'status': 'ready', 'codeId': 'KqA922bpTpKCPaLERgQlww', 'labId': 119, 'type': '专家模式'}, {'id': 122, 'createdAt': 1629185673608, 'name': 'Project_931b0e1b', 'description': 'description 931b0e1b,  创建时间2021-08-17  15:34:33', 'creator': 'hjl-admin', 'groupId': 492674, 'groupName': 'orgadmin-user-group', 'status': 'ready', 'codeId': 'T43_kJrDQJq13kRLhwhUdw', 'labId': 118, 'type': '专家模式'}], 'total': 8}, 'msg': 'success'}
run_log.py-53-2021-08-17 16:00:45,435-INFO-断言成功，项目列表默认按创建时间倒序排返回
run_log.py-53-2021-08-17 16:00:45,456-INFO-执行项目管理测试用例
run_log.py-53-2021-08-17 16:00:45,457-INFO-测试删除项目接口
run_log.py-53-2021-08-17 16:00:45,457-INFO-----------------------------创建项目----------------------------
run_log.py-53-2021-08-17 16:00:45,966-INFO-Full URL:  http://192.168.3.172:80/ai-arts/api/v1/projects, method:POST
run_log.py-53-2021-08-17 16:00:45,966-INFO-Status code:  200
run_log.py-53-2021-08-17 16:00:45,966-INFO-Request body:  {'name': 'Project_0264a79d', 'description': 'description 0264a79d,  创建时间2021-08-17  16:00:45', 'type': '专家模式'}
run_log.py-53-2021-08-17 16:00:45,966-INFO-{'code': 0, 'data': {'id': 159, 'createdAt': 1629187245481, 'name': 'Project_0264a79d', 'description': 'description 0264a79d,  创建时间2021-08-17  16:00:45', 'creator': 'hjl-admin', 'groupId': 492674, 'groupName': 'orgadmin-user-group', 'status': 'ready', 'codeId': '7Joh05HuSIiaew4cFwNAQA', 'labId': 143, 'type': '专家模式'}, 'msg': 'success'}
run_log.py-53-2021-08-17 16:00:45,967-INFO-----------------------------删除项目----------------------------
run_log.py-53-2021-08-17 16:00:45,999-INFO-Full URL:  http://192.168.3.172:80/ai-arts/api/v1/projects/159, method:DELETE
run_log.py-53-2021-08-17 16:00:45,999-INFO-Status code:  200
run_log.py-53-2021-08-17 16:00:45,999-INFO-Request body:  None
run_log.py-53-2021-08-17 16:00:45,999-INFO-{'code': 0, 'data': {}, 'message': 'success'}
run_log.py-53-2021-08-17 16:00:45,999-INFO-----------------------------获取项目列表----------------------------
run_log.py-53-2021-08-17 16:00:46,005-INFO-Full URL:  http://192.168.3.172:80/ai-arts/api/v1/projects/list?pageNum=1&pageSize=99&sort=, method:GET
run_log.py-53-2021-08-17 16:00:46,005-INFO-Status code:  200
run_log.py-53-2021-08-17 16:00:46,005-INFO-Request body:  None
run_log.py-53-2021-08-17 16:00:46,005-INFO-{'code': 0, 'data': {'items': [{'id': 157, 'createdAt': 1629187224063, 'name': 'Project_16a4fbd3', 'description': 'description 16a4fbd3,  创建时间2021-08-17  16:00:24', 'creator': 'hjl-admin', 'groupId': 492674, 'groupName': 'orgadmin-user-group', 'status': 'ready', 'codeId': 'rouXRDHnQTaOVOxJ-PY2Tg', 'labId': 141, 'type': '专家模式'}, {'id': 156, 'createdAt': 1629187223587, 'name': 'Project_f7127514', 'description': 'description f7127514,  创建时间2021-08-17  16:00:23', 'creator': 'hjl-admin', 'groupId': 492674, 'groupName': 'orgadmin-user-group', 'status': 'ready', 'codeId': 'FUwCa9qeQTGx8JlyMbP-gw', 'labId': 140, 'type': '专家模式'}, {'id': 127, 'createdAt': 1629185689626, 'name': 'Project_ec08e561', 'description': 'description ec08e561,  创建时间2021-08-17  15:34:49', 'creator': 'hjl-admin', 'groupId': 492674, 'groupName': 'orgadmin-user-group', 'status': 'ready', 'codeId': 'ZIqlHBTLTP-wLp6C0L2pHg', 'labId': 123, 'type': '专家模式'}, {'id': 126, 'createdAt': 1629185682768, 'name': 'Project_946d9cdb', 'description': 'description 946d9cdb,  创建时间2021-08-17  15:34:42', 'creator': 'hjl-admin', 'groupId': 492674, 'groupName': 'orgadmin-user-group', 'status': 'ready', 'codeId': 'WVTjm7aMTymSt884JvdXvA', 'labId': 122, 'type': '专家模式'}, {'id': 125, 'createdAt': 1629185680149, 'name': 'Project_28084b1a', 'description': 'description 28084b1a,  创建时间2021-08-17  15:34:40', 'creator': 'hjl-admin', 'groupId': 492674, 'groupName': 'orgadmin-user-group', 'status': 'ready', 'codeId': 'G3sS1mwsR6GR4BEDPfzggA', 'labId': 121, 'type': '专家模式'}, {'id': 124, 'createdAt': 1629185677063, 'name': 'Project_b8084ef9', 'description': 'description b8084ef9,  创建时间2021-08-17  15:34:37', 'creator': 'hjl-admin', 'groupId': 492674, 'groupName': 'orgadmin-user-group', 'status': 'ready', 'codeId': '8ZVmsj0rR-O0t0I46GIuZg', 'labId': 120, 'type': '专家模式'}, {'id': 123, 'createdAt': 1629185674821, 'name': 'Project_f015f669', 'description': 'description f015f669,  创建时间2021-08-17  15:34:34', 'creator': 'hjl-admin', 'groupId': 492674, 'groupName': 'orgadmin-user-group', 'status': 'ready', 'codeId': 'KqA922bpTpKCPaLERgQlww', 'labId': 119, 'type': '专家模式'}, {'id': 122, 'createdAt': 1629185673608, 'name': 'Project_931b0e1b', 'description': 'description 931b0e1b,  创建时间2021-08-17  15:34:33', 'creator': 'hjl-admin', 'groupId': 492674, 'groupName': 'orgadmin-user-group', 'status': 'ready', 'codeId': 'T43_kJrDQJq13kRLhwhUdw', 'labId': 118, 'type': '专家模式'}], 'total': 8}, 'msg': 'success'}
run_log.py-53-2021-08-17 16:00:46,007-INFO-断言成功，删除项目成功
run_log.py-53-2021-08-17 16:00:46,031-INFO-执行项目管理测试用例
run_log.py-53-2021-08-17 16:00:46,031-INFO-测试获取项目详情接口
run_log.py-53-2021-08-17 16:00:46,032-INFO-----------------------------创建项目----------------------------
run_log.py-53-2021-08-17 16:00:46,378-INFO-Full URL:  http://192.168.3.172:80/ai-arts/api/v1/projects, method:POST
run_log.py-53-2021-08-17 16:00:46,379-INFO-Status code:  200
run_log.py-53-2021-08-17 16:00:46,379-INFO-Request body:  {'name': 'Project_a4b73264', 'description': 'description a4b73264,  创建时间2021-08-17  16:00:46', 'type': '专家模式'}
run_log.py-53-2021-08-17 16:00:46,379-INFO-{'code': 0, 'data': {'id': 160, 'createdAt': 1629187246057, 'name': 'Project_a4b73264', 'description': 'description a4b73264,  创建时间2021-08-17  16:00:46', 'creator': 'hjl-admin', 'groupId': 492674, 'groupName': 'orgadmin-user-group', 'status': 'ready', 'codeId': 'Fq4PmM-NQN6RW2gWlv-7cA', 'labId': 144, 'type': '专家模式'}, 'msg': 'success'}
run_log.py-53-2021-08-17 16:00:46,379-INFO-----------------------------获取项目详情----------------------------
run_log.py-53-2021-08-17 16:00:46,387-INFO-Full URL:  http://192.168.3.172:80/ai-arts/api/v1/projects/160, method:GET
run_log.py-53-2021-08-17 16:00:46,387-INFO-Status code:  200
run_log.py-53-2021-08-17 16:00:46,387-INFO-Request body:  None
run_log.py-53-2021-08-17 16:00:46,387-INFO-{'code': 0, 'data': {'name': 'Project_a4b73264', 'description': 'description a4b73264,  创建时间2021-08-17  16:00:46', 'creator': 'hjl-admin', 'groupId': 492674, 'groupName': 'orgadmin-user-group', 'status': 'ready', 'codeId': 'Fq4PmM-NQN6RW2gWlv-7cA', 'labId': 144, 'type': '专家模式', 'labStatus': -1}, 'msg': 'success'}
run_log.py-53-2021-08-17 16:00:46,388-INFO-断言成功，项目状态是ready
run_log.py-53-2021-08-17 16:00:46,388-INFO-----------------------------删除项目----------------------------
run_log.py-53-2021-08-17 16:00:46,422-INFO-Full URL:  http://192.168.3.172:80/ai-arts/api/v1/projects/160, method:DELETE
run_log.py-53-2021-08-17 16:00:46,422-INFO-Status code:  200
run_log.py-53-2021-08-17 16:00:46,422-INFO-Request body:  None
run_log.py-53-2021-08-17 16:00:46,423-INFO-{'code': 0, 'data': {}, 'message': 'success'}
run_log.py-53-2021-08-17 16:00:46,423-INFO-数据清理，删除项目，id 160
run_log.py-53-2021-08-17 16:00:46,433-INFO-执行项目管理测试用例
run_log.py-53-2021-08-17 16:00:46,434-INFO-测试创建代码开发环境
run_log.py-53-2021-08-17 16:00:46,434-INFO-----------------------------创建项目----------------------------
run_log.py-53-2021-08-17 16:00:46,962-INFO-Full URL:  http://192.168.3.172:80/ai-arts/api/v1/projects, method:POST
run_log.py-53-2021-08-17 16:00:46,962-INFO-Status code:  200
run_log.py-53-2021-08-17 16:00:46,963-INFO-Request body:  {'name': 'Project_beceed25', 'description': 'description beceed25,  创建时间2021-08-17  16:00:46', 'type': '专家模式'}
run_log.py-53-2021-08-17 16:00:46,964-INFO-{'code': 0, 'data': {'id': 161, 'createdAt': 1629187246459, 'name': 'Project_beceed25', 'description': 'description beceed25,  创建时间2021-08-17  16:00:46', 'creator': 'hjl-admin', 'groupId': 492674, 'groupName': 'orgadmin-user-group', 'status': 'ready', 'codeId': '-UO8vNKpSxiPj3J6HBcfvw', 'labId': 145, 'type': '专家模式'}, 'msg': 'success'}
run_log.py-53-2021-08-17 16:00:46,965-INFO-----------------------------启动代码开发环境----------------------------
run_log.py-53-2021-08-17 16:00:47,168-INFO-Full URL:  http://192.168.3.172:80/ai-arts/api/v1/projects/161/code-lab/start, method:POST
run_log.py-53-2021-08-17 16:00:47,168-INFO-Status code:  200
run_log.py-53-2021-08-17 16:00:47,168-INFO-Request body:  {'config': {'imageSource': '镜像中心', 'imageName': 'harbor.apulis.cn:8443/algorithm/apulistech/horovod:0.20.0-tf2.3.0-torch1.6.0-mxnet1.6.0.post0-py3.7-cuda10.1-nni1.9', 'dataSets': [], 'resourceInfo': {'cpu': '1', 'memory': '4G', 'device': {'deviceType': '', 'deviceNum': '', 'computeType': '', 'series': ''}}}}
run_log.py-53-2021-08-17 16:00:47,169-INFO-{'code': 0, 'data': {}, 'message': 'success'}
run_log.py-53-2021-08-17 16:00:47,169-INFO-断言成功，启动代码开发环境成功
run_log.py-53-2021-08-17 16:00:47,235-INFO-执行项目管理测试用例
run_log.py-53-2021-08-17 16:00:47,236-INFO-测试获取同组所有用户环境接口
run_log.py-53-2021-08-17 16:00:47,236-INFO-----------------------------创建项目----------------------------
run_log.py-53-2021-08-17 16:00:47,952-INFO-Full URL:  http://192.168.3.172:80/ai-arts/api/v1/projects, method:POST
run_log.py-53-2021-08-17 16:00:47,952-INFO-Status code:  200
run_log.py-53-2021-08-17 16:00:47,952-INFO-Request body:  {'name': 'Project_cdd65b63', 'description': 'description cdd65b63,  创建时间2021-08-17  16:00:47', 'type': '专家模式'}
run_log.py-53-2021-08-17 16:00:47,952-INFO-{'code': 0, 'data': {'id': 162, 'createdAt': 1629187247261, 'name': 'Project_cdd65b63', 'description': 'description cdd65b63,  创建时间2021-08-17  16:00:47', 'creator': 'hjl-admin', 'groupId': 492674, 'groupName': 'orgadmin-user-group', 'status': 'ready', 'codeId': '6spWH3rcS8e4MEpbpofkaQ', 'labId': 146, 'type': '专家模式'}, 'msg': 'success'}
run_log.py-53-2021-08-17 16:00:47,952-INFO-----------------------------获取代码开发环境列表----------------------------
run_log.py-53-2021-08-17 16:00:47,960-INFO-Full URL:  http://192.168.3.172:80/ai-arts/api/v1/projects/162/code-lab/list?pageNum=1&pageSize=99&groupId=492674, method:GET
run_log.py-53-2021-08-17 16:00:47,960-INFO-Status code:  200
run_log.py-53-2021-08-17 16:00:47,960-INFO-Request body:  None
run_log.py-53-2021-08-17 16:00:47,960-INFO-{'code': 0, 'data': {'items': None, 'total': 0}, 'msg': 'success'}
run_log.py-53-2021-08-17 16:00:47,961-INFO-断言成功，获取同组所有用户环境失败
