run_log.py-53-2021-08-17 16:00:22,015-INFO-执行项目管理测试用例
run_log.py-53-2021-08-17 16:00:22,016-INFO-测试创建专家模型项目
run_log.py-53-2021-08-17 16:00:22,016-INFO-----------------------------创建项目----------------------------
run_log.py-53-2021-08-17 16:00:22,373-INFO-Full URL:  http://192.168.3.172:80/ai-arts/api/v1/projects, method:POST
run_log.py-53-2021-08-17 16:00:22,373-INFO-Status code:  200
run_log.py-53-2021-08-17 16:00:22,373-INFO-Request body:  {'name': 'Project_68986183', 'description': 'description 68986183,  创建时间2021-08-17  16:00:22', 'type': '专家模式'}
run_log.py-53-2021-08-17 16:00:22,373-INFO-{'code': 0, 'data': {'id': 153, 'createdAt': 1629187222043, 'name': 'Project_68986183', 'description': 'description 68986183,  创建时间2021-08-17  16:00:22', 'creator': 'hjl-admin', 'groupId': 492674, 'groupName': 'orgadmin-user-group', 'status': 'ready', 'codeId': 'mSmr01c2TVqP69EAcC1mnA', 'labId': 137, 'type': '专家模式'}, 'msg': 'success'}
run_log.py-53-2021-08-17 16:00:22,376-INFO-----------------------------获取项目列表----------------------------
run_log.py-53-2021-08-17 16:00:22,382-INFO-Full URL:  http://192.168.3.172:80/ai-arts/api/v1/projects/list?pageNum=1&pageSize=99&sort=, method:GET
run_log.py-53-2021-08-17 16:00:22,382-INFO-Status code:  200
run_log.py-53-2021-08-17 16:00:22,382-INFO-Request body:  None
run_log.py-53-2021-08-17 16:00:22,382-INFO-{'code': 0, 'data': {'items': [{'id': 153, 'createdAt': 1629187222043, 'name': 'Project_68986183', 'description': 'description 68986183,  创建时间2021-08-17  16:00:22', 'creator': 'hjl-admin', 'groupId': 492674, 'groupName': 'orgadmin-user-group', 'status': 'ready', 'codeId': 'mSmr01c2TVqP69EAcC1mnA', 'labId': 137, 'type': '专家模式'}, {'id': 127, 'createdAt': 1629185689626, 'name': 'Project_ec08e561', 'description': 'description ec08e561,  创建时间2021-08-17  15:34:49', 'creator': 'hjl-admin', 'groupId': 492674, 'groupName': 'orgadmin-user-group', 'status': 'ready', 'codeId': 'ZIqlHBTLTP-wLp6C0L2pHg', 'labId': 123, 'type': '专家模式'}, {'id': 126, 'createdAt': 1629185682768, 'name': 'Project_946d9cdb', 'description': 'description 946d9cdb,  创建时间2021-08-17  15:34:42', 'creator': 'hjl-admin', 'groupId': 492674, 'groupName': 'orgadmin-user-group', 'status': 'ready', 'codeId': 'WVTjm7aMTymSt884JvdXvA', 'labId': 122, 'type': '专家模式'}, {'id': 125, 'createdAt': 1629185680149, 'name': 'Project_28084b1a', 'description': 'description 28084b1a,  创建时间2021-08-17  15:34:40', 'creator': 'hjl-admin', 'groupId': 492674, 'groupName': 'orgadmin-user-group', 'status': 'ready', 'codeId': 'G3sS1mwsR6GR4BEDPfzggA', 'labId': 121, 'type': '专家模式'}, {'id': 124, 'createdAt': 1629185677063, 'name': 'Project_b8084ef9', 'description': 'description b8084ef9,  创建时间2021-08-17  15:34:37', 'creator': 'hjl-admin', 'groupId': 492674, 'groupName': 'orgadmin-user-group', 'status': 'ready', 'codeId': '8ZVmsj0rR-O0t0I46GIuZg', 'labId': 120, 'type': '专家模式'}, {'id': 123, 'createdAt': 1629185674821, 'name': 'Project_f015f669', 'description': 'description f015f669,  创建时间2021-08-17  15:34:34', 'creator': 'hjl-admin', 'groupId': 492674, 'groupName': 'orgadmin-user-group', 'status': 'ready', 'codeId': 'KqA922bpTpKCPaLERgQlww', 'labId': 119, 'type': '专家模式'}, {'id': 122, 'createdAt': 1629185673608, 'name': 'Project_931b0e1b', 'description': 'description 931b0e1b,  创建时间2021-08-17  15:34:33', 'creator': 'hjl-admin', 'groupId': 492674, 'groupName': 'orgadmin-user-group', 'status': 'ready', 'codeId': 'T43_kJrDQJq13kRLhwhUdw', 'labId': 118, 'type': '专家模式'}], 'total': 7}, 'msg': 'success'}
run_log.py-53-2021-08-17 16:00:22,384-INFO-断言成功，项目添加成功
run_log.py-53-2021-08-17 16:00:22,384-INFO-----------------------------删除项目----------------------------
run_log.py-53-2021-08-17 16:00:22,422-INFO-Full URL:  http://192.168.3.172:80/ai-arts/api/v1/projects/153, method:DELETE
run_log.py-53-2021-08-17 16:00:22,423-INFO-Status code:  200
run_log.py-53-2021-08-17 16:00:22,423-INFO-Request body:  None
run_log.py-53-2021-08-17 16:00:22,423-INFO-{'code': 0, 'data': {}, 'message': 'success'}
run_log.py-53-2021-08-17 16:00:22,423-INFO-数据清理，删除项目，id 153
run_log.py-53-2021-08-17 16:00:22,479-INFO-执行项目管理测试用例
run_log.py-53-2021-08-17 16:00:22,480-INFO-测试项目列表接口
run_log.py-53-2021-08-17 16:00:22,480-INFO-----------------------------获取项目列表----------------------------
run_log.py-53-2021-08-17 16:00:22,487-INFO-Full URL:  http://192.168.3.172:80/ai-arts/api/v1/projects/list?pageNum=1&pageSize=99&sort=, method:GET
run_log.py-53-2021-08-17 16:00:22,487-INFO-Status code:  200
run_log.py-53-2021-08-17 16:00:22,487-INFO-Request body:  None
run_log.py-53-2021-08-17 16:00:22,487-INFO-{'code': 0, 'data': {'items': [{'id': 127, 'createdAt': 1629185689626, 'name': 'Project_ec08e561', 'description': 'description ec08e561,  创建时间2021-08-17  15:34:49', 'creator': 'hjl-admin', 'groupId': 492674, 'groupName': 'orgadmin-user-group', 'status': 'ready', 'codeId': 'ZIqlHBTLTP-wLp6C0L2pHg', 'labId': 123, 'type': '专家模式'}, {'id': 126, 'createdAt': 1629185682768, 'name': 'Project_946d9cdb', 'description': 'description 946d9cdb,  创建时间2021-08-17  15:34:42', 'creator': 'hjl-admin', 'groupId': 492674, 'groupName': 'orgadmin-user-group', 'status': 'ready', 'codeId': 'WVTjm7aMTymSt884JvdXvA', 'labId': 122, 'type': '专家模式'}, {'id': 125, 'createdAt': 1629185680149, 'name': 'Project_28084b1a', 'description': 'description 28084b1a,  创建时间2021-08-17  15:34:40', 'creator': 'hjl-admin', 'groupId': 492674, 'groupName': 'orgadmin-user-group', 'status': 'ready', 'codeId': 'G3sS1mwsR6GR4BEDPfzggA', 'labId': 121, 'type': '专家模式'}, {'id': 124, 'createdAt': 1629185677063, 'name': 'Project_b8084ef9', 'description': 'description b8084ef9,  创建时间2021-08-17  15:34:37', 'creator': 'hjl-admin', 'groupId': 492674, 'groupName': 'orgadmin-user-group', 'status': 'ready', 'codeId': '8ZVmsj0rR-O0t0I46GIuZg', 'labId': 120, 'type': '专家模式'}, {'id': 123, 'createdAt': 1629185674821, 'name': 'Project_f015f669', 'description': 'description f015f669,  创建时间2021-08-17  15:34:34', 'creator': 'hjl-admin', 'groupId': 492674, 'groupName': 'orgadmin-user-group', 'status': 'ready', 'codeId': 'KqA922bpTpKCPaLERgQlww', 'labId': 119, 'type': '专家模式'}, {'id': 122, 'createdAt': 1629185673608, 'name': 'Project_931b0e1b', 'description': 'description 931b0e1b,  创建时间2021-08-17  15:34:33', 'creator': 'hjl-admin', 'groupId': 492674, 'groupName': 'orgadmin-user-group', 'status': 'ready', 'codeId': 'T43_kJrDQJq13kRLhwhUdw', 'labId': 118, 'type': '专家模式'}], 'total': 6}, 'msg': 'success'}
run_log.py-53-2021-08-17 16:00:22,490-INFO-断言成功，项目列表默认按创建时间倒序排返回
run_log.py-53-2021-08-17 16:00:22,510-INFO-执行项目管理测试用例
run_log.py-53-2021-08-17 16:00:22,511-INFO-测试删除项目接口
run_log.py-53-2021-08-17 16:00:22,511-INFO-----------------------------创建项目----------------------------
run_log.py-53-2021-08-17 16:00:22,876-INFO-Full URL:  http://192.168.3.172:80/ai-arts/api/v1/projects, method:POST
run_log.py-53-2021-08-17 16:00:22,877-INFO-Status code:  200
run_log.py-53-2021-08-17 16:00:22,877-INFO-Request body:  {'name': 'Project_d568d61a', 'description': 'description d568d61a,  创建时间2021-08-17  16:00:22', 'type': '专家模式'}
run_log.py-53-2021-08-17 16:00:22,877-INFO-{'code': 0, 'data': {'id': 154, 'createdAt': 1629187222536, 'name': 'Project_d568d61a', 'description': 'description d568d61a,  创建时间2021-08-17  16:00:22', 'creator': 'hjl-admin', 'groupId': 492674, 'groupName': 'orgadmin-user-group', 'status': 'ready', 'codeId': 'g_t-J64rT82BwdFISlSe2g', 'labId': 138, 'type': '专家模式'}, 'msg': 'success'}
run_log.py-53-2021-08-17 16:00:22,877-INFO-----------------------------删除项目----------------------------
run_log.py-53-2021-08-17 16:00:22,908-INFO-Full URL:  http://192.168.3.172:80/ai-arts/api/v1/projects/154, method:DELETE
run_log.py-53-2021-08-17 16:00:22,908-INFO-Status code:  200
run_log.py-53-2021-08-17 16:00:22,908-INFO-Request body:  None
run_log.py-53-2021-08-17 16:00:22,908-INFO-{'code': 0, 'data': {}, 'message': 'success'}
run_log.py-53-2021-08-17 16:00:22,908-INFO-----------------------------获取项目列表----------------------------
run_log.py-53-2021-08-17 16:00:22,914-INFO-Full URL:  http://192.168.3.172:80/ai-arts/api/v1/projects/list?pageNum=1&pageSize=99&sort=, method:GET
run_log.py-53-2021-08-17 16:00:22,914-INFO-Status code:  200
run_log.py-53-2021-08-17 16:00:22,915-INFO-Request body:  None
run_log.py-53-2021-08-17 16:00:22,915-INFO-{'code': 0, 'data': {'items': [{'id': 127, 'createdAt': 1629185689626, 'name': 'Project_ec08e561', 'description': 'description ec08e561,  创建时间2021-08-17  15:34:49', 'creator': 'hjl-admin', 'groupId': 492674, 'groupName': 'orgadmin-user-group', 'status': 'ready', 'codeId': 'ZIqlHBTLTP-wLp6C0L2pHg', 'labId': 123, 'type': '专家模式'}, {'id': 126, 'createdAt': 1629185682768, 'name': 'Project_946d9cdb', 'description': 'description 946d9cdb,  创建时间2021-08-17  15:34:42', 'creator': 'hjl-admin', 'groupId': 492674, 'groupName': 'orgadmin-user-group', 'status': 'ready', 'codeId': 'WVTjm7aMTymSt884JvdXvA', 'labId': 122, 'type': '专家模式'}, {'id': 125, 'createdAt': 1629185680149, 'name': 'Project_28084b1a', 'description': 'description 28084b1a,  创建时间2021-08-17  15:34:40', 'creator': 'hjl-admin', 'groupId': 492674, 'groupName': 'orgadmin-user-group', 'status': 'ready', 'codeId': 'G3sS1mwsR6GR4BEDPfzggA', 'labId': 121, 'type': '专家模式'}, {'id': 124, 'createdAt': 1629185677063, 'name': 'Project_b8084ef9', 'description': 'description b8084ef9,  创建时间2021-08-17  15:34:37', 'creator': 'hjl-admin', 'groupId': 492674, 'groupName': 'orgadmin-user-group', 'status': 'ready', 'codeId': '8ZVmsj0rR-O0t0I46GIuZg', 'labId': 120, 'type': '专家模式'}, {'id': 123, 'createdAt': 1629185674821, 'name': 'Project_f015f669', 'description': 'description f015f669,  创建时间2021-08-17  15:34:34', 'creator': 'hjl-admin', 'groupId': 492674, 'groupName': 'orgadmin-user-group', 'status': 'ready', 'codeId': 'KqA922bpTpKCPaLERgQlww', 'labId': 119, 'type': '专家模式'}, {'id': 122, 'createdAt': 1629185673608, 'name': 'Project_931b0e1b', 'description': 'description 931b0e1b,  创建时间2021-08-17  15:34:33', 'creator': 'hjl-admin', 'groupId': 492674, 'groupName': 'orgadmin-user-group', 'status': 'ready', 'codeId': 'T43_kJrDQJq13kRLhwhUdw', 'labId': 118, 'type': '专家模式'}], 'total': 6}, 'msg': 'success'}
run_log.py-53-2021-08-17 16:00:22,916-INFO-断言成功，删除项目成功
run_log.py-53-2021-08-17 16:00:22,938-INFO-执行项目管理测试用例
run_log.py-53-2021-08-17 16:00:22,939-INFO-测试获取项目详情接口
run_log.py-53-2021-08-17 16:00:22,939-INFO-----------------------------创建项目----------------------------
run_log.py-53-2021-08-17 16:00:23,495-INFO-Full URL:  http://192.168.3.172:80/ai-arts/api/v1/projects, method:POST
run_log.py-53-2021-08-17 16:00:23,495-INFO-Status code:  200
run_log.py-53-2021-08-17 16:00:23,495-INFO-Request body:  {'name': 'Project_56e53ddd', 'description': 'description 56e53ddd,  创建时间2021-08-17  16:00:22', 'type': '专家模式'}
run_log.py-53-2021-08-17 16:00:23,495-INFO-{'code': 0, 'data': {'id': 155, 'createdAt': 1629187222964, 'name': 'Project_56e53ddd', 'description': 'description 56e53ddd,  创建时间2021-08-17  16:00:22', 'creator': 'hjl-admin', 'groupId': 492674, 'groupName': 'orgadmin-user-group', 'status': 'ready', 'codeId': '8WHO05cvQl-zLf8mzaRCkw', 'labId': 139, 'type': '专家模式'}, 'msg': 'success'}
run_log.py-53-2021-08-17 16:00:23,496-INFO-----------------------------获取项目详情----------------------------
run_log.py-53-2021-08-17 16:00:23,504-INFO-Full URL:  http://192.168.3.172:80/ai-arts/api/v1/projects/155, method:GET
run_log.py-53-2021-08-17 16:00:23,504-INFO-Status code:  200
run_log.py-53-2021-08-17 16:00:23,504-INFO-Request body:  None
run_log.py-53-2021-08-17 16:00:23,504-INFO-{'code': 0, 'data': {'name': 'Project_56e53ddd', 'description': 'description 56e53ddd,  创建时间2021-08-17  16:00:22', 'creator': 'hjl-admin', 'groupId': 492674, 'groupName': 'orgadmin-user-group', 'status': 'ready', 'codeId': '8WHO05cvQl-zLf8mzaRCkw', 'labId': 139, 'type': '专家模式', 'labStatus': -1}, 'msg': 'success'}
run_log.py-53-2021-08-17 16:00:23,505-INFO-断言成功，项目状态是ready
run_log.py-53-2021-08-17 16:00:23,505-INFO-----------------------------删除项目----------------------------
run_log.py-53-2021-08-17 16:00:23,536-INFO-Full URL:  http://192.168.3.172:80/ai-arts/api/v1/projects/155, method:DELETE
run_log.py-53-2021-08-17 16:00:23,536-INFO-Status code:  200
run_log.py-53-2021-08-17 16:00:23,536-INFO-Request body:  None
run_log.py-53-2021-08-17 16:00:23,536-INFO-{'code': 0, 'data': {}, 'message': 'success'}
run_log.py-53-2021-08-17 16:00:23,537-INFO-数据清理，删除项目，id 155
run_log.py-53-2021-08-17 16:00:23,562-INFO-执行项目管理测试用例
run_log.py-53-2021-08-17 16:00:23,563-INFO-测试创建代码开发环境
run_log.py-53-2021-08-17 16:00:23,563-INFO-----------------------------创建项目----------------------------
run_log.py-53-2021-08-17 16:00:23,850-INFO-Full URL:  http://192.168.3.172:80/ai-arts/api/v1/projects, method:POST
run_log.py-53-2021-08-17 16:00:23,850-INFO-Status code:  200
run_log.py-53-2021-08-17 16:00:23,850-INFO-Request body:  {'name': 'Project_f7127514', 'description': 'description f7127514,  创建时间2021-08-17  16:00:23', 'type': '专家模式'}
run_log.py-53-2021-08-17 16:00:23,850-INFO-{'code': 0, 'data': {'id': 156, 'createdAt': 1629187223587, 'name': 'Project_f7127514', 'description': 'description f7127514,  创建时间2021-08-17  16:00:23', 'creator': 'hjl-admin', 'groupId': 492674, 'groupName': 'orgadmin-user-group', 'status': 'ready', 'codeId': 'FUwCa9qeQTGx8JlyMbP-gw', 'labId': 140, 'type': '专家模式'}, 'msg': 'success'}
run_log.py-53-2021-08-17 16:00:23,850-INFO-----------------------------启动代码开发环境----------------------------
run_log.py-53-2021-08-17 16:00:24,012-INFO-Full URL:  http://192.168.3.172:80/ai-arts/api/v1/projects/156/code-lab/start, method:POST
run_log.py-53-2021-08-17 16:00:24,012-INFO-Status code:  200
run_log.py-53-2021-08-17 16:00:24,012-INFO-Request body:  {'config': {'imageSource': '镜像中心', 'imageName': 'harbor.apulis.cn:8443/algorithm/apulistech/horovod:0.20.0-tf2.3.0-torch1.6.0-mxnet1.6.0.post0-py3.7-cuda10.1-nni1.9', 'dataSets': [], 'resourceInfo': {'cpu': '1', 'memory': '4G', 'device': {'deviceType': '', 'deviceNum': '', 'computeType': '', 'series': ''}}}}
run_log.py-53-2021-08-17 16:00:24,012-INFO-{'code': 0, 'data': {}, 'message': 'success'}
run_log.py-53-2021-08-17 16:00:24,012-INFO-断言成功，启动代码开发环境成功
run_log.py-53-2021-08-17 16:00:24,037-INFO-执行项目管理测试用例
run_log.py-53-2021-08-17 16:00:24,038-INFO-测试获取同组所有用户环境接口
run_log.py-53-2021-08-17 16:00:24,038-INFO-----------------------------创建项目----------------------------
run_log.py-53-2021-08-17 16:00:24,535-INFO-Full URL:  http://192.168.3.172:80/ai-arts/api/v1/projects, method:POST
run_log.py-53-2021-08-17 16:00:24,535-INFO-Status code:  200
run_log.py-53-2021-08-17 16:00:24,536-INFO-Request body:  {'name': 'Project_16a4fbd3', 'description': 'description 16a4fbd3,  创建时间2021-08-17  16:00:24', 'type': '专家模式'}
run_log.py-53-2021-08-17 16:00:24,537-INFO-{'code': 0, 'data': {'id': 157, 'createdAt': 1629187224063, 'name': 'Project_16a4fbd3', 'description': 'description 16a4fbd3,  创建时间2021-08-17  16:00:24', 'creator': 'hjl-admin', 'groupId': 492674, 'groupName': 'orgadmin-user-group', 'status': 'ready', 'codeId': 'rouXRDHnQTaOVOxJ-PY2Tg', 'labId': 141, 'type': '专家模式'}, 'msg': 'success'}
run_log.py-53-2021-08-17 16:00:24,538-INFO-----------------------------获取代码开发环境列表----------------------------
run_log.py-53-2021-08-17 16:00:24,554-INFO-Full URL:  http://192.168.3.172:80/ai-arts/api/v1/projects/157/code-lab/list?pageNum=1&pageSize=99&groupId=492674, method:GET
run_log.py-53-2021-08-17 16:00:24,554-INFO-Status code:  200
run_log.py-53-2021-08-17 16:00:24,554-INFO-Request body:  None
run_log.py-53-2021-08-17 16:00:24,554-INFO-{'code': 0, 'data': {'items': None, 'total': 0}, 'msg': 'success'}
run_log.py-53-2021-08-17 16:00:24,554-INFO-断言成功，获取同组所有用户环境失败
